[2025-06-23_18-06-39] Merge run
  Base:   vault_working.json
  Merge:  soundpaint_instruments_merged.json
  Output: vault_working_merged.json
  Added:   0
  Skipped: 64
  Skipped duplicates:
    • (missing developer or name)
    • (missing developer or name)
    • (missing developer or name)
    • (missing developer or name)
    • (missing developer or name)
    • (missing developer or name)
    • (missing developer or name)
    • (missing developer or name)
    • (missing developer or name)
    • (missing developer or name)
    • (missing developer or name)
    • (missing developer or name)
    • (missing developer or name)
    • (missing developer or name)
    • (missing developer or name)
    • (missing developer or name)
    • (missing developer or name)
    • (missing developer or name)
    • (missing developer or name)
    • (missing developer or name)
    • (missing developer or name)
    • (missing developer or name)
    • (missing developer or name)
    • (missing developer or name)
    • (missing developer or name)
    • (missing developer or name)
    • (missing developer or name)
    • (missing developer or name)
    • (missing developer or name)
    • (missing developer or name)
    • (missing developer or name)
    • (missing developer or name)
    • (missing developer or name)
    • (missing developer or name)
    • (missing developer or name)
    • (missing developer or name)
    • (missing developer or name)
    • (missing developer or name)
    • (missing developer or name)
    • (missing developer or name)
    • (missing developer or name)
    • (missing developer or name)
    • (missing developer or name)
    • (missing developer or name)
    • (missing developer or name)
    • (missing developer or name)
    • (missing developer or name)
    • (missing developer or name)
    • (missing developer or name)
    • (missing developer or name)
    • (missing developer or name)
    • (missing developer or name)
    • (missing developer or name)
    • (missing developer or name)
    • (missing developer or name)
    • (missing developer or name)
    • (missing developer or name)
    • (missing developer or name)
    • (missing developer or name)
    • (missing developer or name)
    • (missing developer or name)
    • (missing developer or name)
    • (missing developer or name)
    • (missing developer or name)
